Wed Jun 06 2018 08:27:30 GMT+0000 (UTC): GET /about
Wed Jun 06 2018 08:31:03 GMT+0000 (UTC): GET /about
Wed Jun 06 2018 08:31:03 GMT+0000 (UTC): GET /robots.txt
Wed Jun 06 2018 08:33:49 GMT+0000 (UTC): GET /about
Wed Jun 06 2018 08:33:53 GMT+0000 (UTC): GET /maintenance
Wed Jun 06 2018 08:33:57 GMT+0000 (UTC): GET /maintenance
Wed Jun 06 2018 08:33:58 GMT+0000 (UTC): GET /maintenance
Wed Jun 06 2018 08:33:58 GMT+0000 (UTC): GET /maintenance
Wed Jun 06 2018 08:33:59 GMT+0000 (UTC): GET /maintenance
Wed Jun 06 2018 08:33:59 GMT+0000 (UTC): GET /maintenance
Wed Jun 06 2018 08:34:03 GMT+0000 (UTC): GET /maintenance
Wed Jun 06 2018 08:34:12 GMT+0000 (UTC): GET /maintenance
Wed Jun 06 2018 08:34:31 GMT+0000 (UTC): GET /maintenance
Wed Jun 06 2018 08:34:38 GMT+0000 (UTC): GET /
Wed Jun 06 2018 08:34:42 GMT+0000 (UTC): GET /
Wed Jun 06 2018 08:34:42 GMT+0000 (UTC): GET /
Wed Jun 06 2018 08:34:43 GMT+0000 (UTC): GET /about
Wed Jun 06 2018 08:36:47 GMT+0000 (UTC): GET /about
Wed Jun 06 2018 08:36:48 GMT+0000 (UTC): GET /about
Wed Jun 06 2018 08:36:48 GMT+0000 (UTC): GET /about
Wed Jun 06 2018 08:39:58 GMT+0000 (UTC): GET /
Wed Jun 06 2018 08:40:04 GMT+0000 (UTC): GET /robots.txt
Wed Jun 06 2018 08:40:34 GMT+0000 (UTC): GET /help.html
Wed Jun 06 2018 08:40:34 GMT+0000 (UTC): GET /help.html
Wed Jun 06 2018 08:40:35 GMT+0000 (UTC): GET /help.html
Wed Jun 06 2018 08:40:35 GMT+0000 (UTC): GET /help.html
